<?xml version="1.0" encoding="UTF-8"?>
<!-- Generated by org.testng.reporters.JUnitReportReporter -->
<testsuite hostname="PUNHJW256997L" name="co.za.absa.Test.LoginPageTest" tests="1" failures="0" timestamp="1 Apr 2020 20:09:34 GMT" time="8.642" errors="0">
  <testcase name="loginUser" time="8.642" classname="co.za.absa.Test.LoginPageTest"/>
</testsuite> <!-- co.za.absa.Test.LoginPageTest -->
