<?xml version="1.0" encoding="UTF-8"?>
<!-- Generated by org.testng.reporters.JUnitReportReporter -->
<testsuite hostname="PUNHJW256997L" name="co.za.absa.Test.SplitPasswordPageTest" tests="1" failures="0" timestamp="16 Jun 2020 08:14:31 GMT" time="11.959" errors="0">
  <testcase name="enterParaPhraseTest" time="11.959" classname="co.za.absa.Test.SplitPasswordPageTest"/>
</testsuite> <!-- co.za.absa.Test.SplitPasswordPageTest -->
