<?xml version="1.0" encoding="UTF-8"?>
<!-- Generated by org.testng.reporters.JUnitReportReporter -->
<testsuite hostname="PUNHJW256997L" name="co.za.absa.Test.SplitPasswordPageTest" tests="1" failures="0" timestamp="15 Jun 2020 08:13:59 GMT" time="8.530" errors="0">
  <testcase name="enterPara" time="8.530" classname="co.za.absa.Test.SplitPasswordPageTest"/>
</testsuite> <!-- co.za.absa.Test.SplitPasswordPageTest -->
