<?xml version="1.0" encoding="UTF-8"?>
<!-- Generated by org.testng.reporters.JUnitReportReporter -->
<testsuite skipped="0" hostname="PUNHJW256997L" name="co.za.absa.Test.LoginPageTest" tests="1" failures="0" timestamp="26 Apr 2020 16:14:09 GMT" time="9.527" errors="0">
  <testcase name="loginUser" time="9.527" classname="co.za.absa.Test.LoginPageTest"/>
</testsuite> <!-- co.za.absa.Test.LoginPageTest -->
