<?xml version="1.0" encoding="UTF-8"?>
<!-- Generated by org.testng.reporters.JUnitReportReporter -->
<testsuite hostname="PUNHJW256997L" name="co.za.absa.Test.LoginPageTest" tests="1" failures="0" timestamp="3 Apr 2020 10:03:20 GMT" time="12.813" errors="0">
  <testcase name="loginUser" time="12.813" classname="co.za.absa.Test.LoginPageTest"/>
</testsuite> <!-- co.za.absa.Test.LoginPageTest -->
