<?xml version="1.0" encoding="UTF-8"?>
<!-- Generated by org.testng.reporters.JUnitReportReporter -->
<testsuite hostname="PUNHJW256997L" name="co.za.absa.Test.SplitPasswordPageTest" tests="1" failures="0" timestamp="4 Apr 2020 13:27:52 GMT" time="11.105" errors="0">
  <testcase name="enterPara" time="11.105" classname="co.za.absa.Test.SplitPasswordPageTest"/>
</testsuite> <!-- co.za.absa.Test.SplitPasswordPageTest -->
