<?xml version="1.0" encoding="UTF-8"?>
<!-- Generated by org.testng.reporters.JUnitReportReporter -->
<testsuite hostname="PUNHJW256997L" name="co.za.absa.Test.SplitPasswordPageTest" tests="1" failures="0" timestamp="26 Apr 2020 11:27:05 GMT" time="8.782" errors="0">
  <testcase name="enterPara" time="8.782" classname="co.za.absa.Test.SplitPasswordPageTest"/>
</testsuite> <!-- co.za.absa.Test.SplitPasswordPageTest -->
