<?xml version="1.0" encoding="UTF-8"?>
<!-- Generated by org.testng.reporters.JUnitReportReporter -->
<testsuite hostname="PUNHJW256997L" name="co.za.absa.Test.LoginPageTest" tests="1" failures="0" timestamp="16 Jun 2020 08:14:31 GMT" time="15.075" errors="0">
  <testcase name="loginUserTest" time="15.075" classname="co.za.absa.Test.LoginPageTest"/>
</testsuite> <!-- co.za.absa.Test.LoginPageTest -->
