<?xml version="1.0" encoding="UTF-8"?>
<!-- Generated by org.testng.reporters.JUnitReportReporter -->
<testsuite hostname="PUNHJW256997L" name="co.za.absa.Test.LoginPageTest" tests="1" failures="0" timestamp="15 Jun 2020 08:13:59 GMT" time="9.591" errors="0">
  <testcase name="loginUser" time="9.591" classname="co.za.absa.Test.LoginPageTest"/>
</testsuite> <!-- co.za.absa.Test.LoginPageTest -->
